\BOOKMARK [1][-]{section.1}{Classical algorithms for quantum chemistry}{}% 1
\BOOKMARK [2][-]{subsection.1.1}{The Born-Oppenheimer approximation}{section.1}% 2
\BOOKMARK [2][-]{subsection.1.2}{Second quantization hamiltonian}{section.1}% 3
\BOOKMARK [2][-]{subsection.1.3}{Basis sets in quantum chemistry}{section.1}% 4
\BOOKMARK [2][-]{subsection.1.4}{An exercise, and some resources}{section.1}% 5
\BOOKMARK [2][-]{subsection.1.5}{Slater determinants}{section.1}% 6
\BOOKMARK [2][-]{subsection.1.6}{The Hartree-Fock method}{section.1}% 7
\BOOKMARK [2][-]{subsection.1.7}{Solutions of the Hartree-Fock equations}{section.1}% 8
\BOOKMARK [2][-]{subsection.1.8}{An exercise, and a first investigation}{section.1}% 9
\BOOKMARK [2][-]{subsection.1.9}{Molecular symmetries}{section.1}% 10
\BOOKMARK [2][-]{subsection.1.10}{An exercise}{section.1}% 11
\BOOKMARK [2][-]{subsection.1.11}{Exact diagonalization \(FCI\)}{section.1}% 12
\BOOKMARK [2][-]{subsection.1.12}{Exact diagonalization in an active space \(CASCI\)}{section.1}% 13
\BOOKMARK [2][-]{subsection.1.13}{Two exercises}{section.1}% 14
\BOOKMARK [1][-]{section.2}{Quantum algorithms for quantum chemistry}{}% 15
\BOOKMARK [2][-]{subsection.2.1}{Mapping fermions to qubits}{section.2}% 16
\BOOKMARK [1][-]{section.3}{An exercise}{}% 17
\BOOKMARK [2][-]{subsection.3.1}{Variational quantum algorithms}{section.3}% 18
\BOOKMARK [2][-]{subsection.3.2}{Ansatz states for variational quantum simulations}{section.3}% 19
\BOOKMARK [2][-]{subsection.3.3}{An exercise}{section.3}% 20
