EM+RE Job started on lab10 for manila
/etc/bashrc:55: command not found: shopt
Agent pid 572093
Identity added: /home/studenti/alessandro.tammaro/.ssh/id_ed25519 (alessandro.tammaro@lab16.labcalcolo.lab)
/home/studenti/alessandro.tammaro/.local/lib/python3.9/site-packages/qiskit/aqua/__init__.py:86: DeprecationWarning: The package qiskit.aqua is deprecated. It was moved/refactored to qiskit-terra For more information see <https://github.com/Qiskit/qiskit-aqua/blob/main/README.md#migration-guide>
  warn_package('aqua', 'qiskit-terra')
/home/studenti/alessandro.tammaro/.local/lib/python3.9/site-packages/qiskit/chemistry/__init__.py:170: DeprecationWarning: The package qiskit.chemistry is deprecated. It was moved/refactored to qiskit_nature (pip install qiskit-nature). For more information see <https://github.com/Qiskit/qiskit-aqua/blob/main/README.md#migration-guide>
  warn_package('chemistry', 'qiskit_nature', 'qiskit-nature')
EM+RE Job started on lab11 for lima
/etc/bashrc:55: command not found: shopt
Agent pid 511542
Identity added: /home/studenti/alessandro.tammaro/.ssh/id_ed25519 (alessandro.tammaro@lab16.labcalcolo.lab)
/home/studenti/alessandro.tammaro/.local/lib/python3.9/site-packages/qiskit/aqua/__init__.py:86: DeprecationWarning: The package qiskit.aqua is deprecated. It was moved/refactored to qiskit-terra For more information see <https://github.com/Qiskit/qiskit-aqua/blob/main/README.md#migration-guide>
  warn_package('aqua', 'qiskit-terra')
/home/studenti/alessandro.tammaro/.local/lib/python3.9/site-packages/qiskit/chemistry/__init__.py:170: DeprecationWarning: The package qiskit.chemistry is deprecated. It was moved/refactored to qiskit_nature (pip install qiskit-nature). For more information see <https://github.com/Qiskit/qiskit-aqua/blob/main/README.md#migration-guide>
  warn_package('chemistry', 'qiskit_nature', 'qiskit-nature')
EM+RE Job started on lab12 for quito
/etc/bashrc:55: command not found: shopt
Agent pid 489309
Identity added: /home/studenti/alessandro.tammaro/.ssh/id_ed25519 (alessandro.tammaro@lab16.labcalcolo.lab)
/home/studenti/alessandro.tammaro/.local/lib/python3.9/site-packages/qiskit/aqua/__init__.py:86: DeprecationWarning: The package qiskit.aqua is deprecated. It was moved/refactored to qiskit-terra For more information see <https://github.com/Qiskit/qiskit-aqua/blob/main/README.md#migration-guide>
  warn_package('aqua', 'qiskit-terra')
/home/studenti/alessandro.tammaro/.local/lib/python3.9/site-packages/qiskit/chemistry/__init__.py:170: DeprecationWarning: The package qiskit.chemistry is deprecated. It was moved/refactored to qiskit_nature (pip install qiskit-nature). For more information see <https://github.com/Qiskit/qiskit-aqua/blob/main/README.md#migration-guide>
  warn_package('chemistry', 'qiskit_nature', 'qiskit-nature')
Overwritten attributes  get_hcore get_ovlp  of <class 'pyscf.soscf.newton_ah.newton.<locals>.SecondOrderROHF'>
Overwritten attributes  get_hcore get_ovlp  of <class 'pyscf.scf.rohf.ROHF'>
/home/studenti/alessandro.tammaro/.local/lib/python3.9/site-packages/pyscf/gto/mole.py:1105: UserWarning: Function mol.dumps drops attribute nao_nr because it is not JSON-serializable
  warnings.warn(msg)
/home/studenti/alessandro.tammaro/.local/lib/python3.9/site-packages/pyscf/gto/mole.py:1105: UserWarning: Function mol.dumps drops attribute energy_nuc because it is not JSON-serializable
  warnings.warn(msg)
EM+RE Job started on lab13 for santiago
/etc/bashrc:55: command not found: shopt
Agent pid 584151
Identity added: /home/studenti/alessandro.tammaro/.ssh/id_ed25519 (alessandro.tammaro@lab16.labcalcolo.lab)
/home/studenti/alessandro.tammaro/.local/lib/python3.9/site-packages/qiskit/aqua/__init__.py:86: DeprecationWarning: The package qiskit.aqua is deprecated. It was moved/refactored to qiskit-terra For more information see <https://github.com/Qiskit/qiskit-aqua/blob/main/README.md#migration-guide>
  warn_package('aqua', 'qiskit-terra')
/home/studenti/alessandro.tammaro/.local/lib/python3.9/site-packages/qiskit/chemistry/__init__.py:170: DeprecationWarning: The package qiskit.chemistry is deprecated. It was moved/refactored to qiskit_nature (pip install qiskit-nature). For more information see <https://github.com/Qiskit/qiskit-aqua/blob/main/README.md#migration-guide>
  warn_package('chemistry', 'qiskit_nature', 'qiskit-nature')
/home/studenti/alessandro.tammaro/.local/lib/python3.9/site-packages/pyscf/fci/direct_nosym.py:179: UserWarning: direct_nosym.kernel is not able to diagonalize non-Hermitian Hamiltonian. If h1e and h2e is not hermtian, calling symmetric diagonlization in eig can lead to wrong results.
  warnings.warn('direct_nosym.kernel is not able to diagonalize '
Overwritten attributes  get_hcore get_ovlp  of <class 'pyscf.soscf.newton_ah.newton.<locals>.SecondOrderROHF'>
Overwritten attributes  get_hcore get_ovlp  of <class 'pyscf.scf.rohf.ROHF'>
/home/studenti/alessandro.tammaro/.local/lib/python3.9/site-packages/pyscf/gto/mole.py:1105: UserWarning: Function mol.dumps drops attribute nao_nr because it is not JSON-serializable
  warnings.warn(msg)
/home/studenti/alessandro.tammaro/.local/lib/python3.9/site-packages/pyscf/gto/mole.py:1105: UserWarning: Function mol.dumps drops attribute energy_nuc because it is not JSON-serializable
  warnings.warn(msg)
EM+RE Job started on lab14 for bogota
/etc/bashrc:55: command not found: shopt
Agent pid 504643
Identity added: /home/studenti/alessandro.tammaro/.ssh/id_ed25519 (alessandro.tammaro@lab16.labcalcolo.lab)
/home/studenti/alessandro.tammaro/.local/lib/python3.9/site-packages/qiskit/aqua/__init__.py:86: DeprecationWarning: The package qiskit.aqua is deprecated. It was moved/refactored to qiskit-terra For more information see <https://github.com/Qiskit/qiskit-aqua/blob/main/README.md#migration-guide>
  warn_package('aqua', 'qiskit-terra')
/home/studenti/alessandro.tammaro/.local/lib/python3.9/site-packages/qiskit/chemistry/__init__.py:170: DeprecationWarning: The package qiskit.chemistry is deprecated. It was moved/refactored to qiskit_nature (pip install qiskit-nature). For more information see <https://github.com/Qiskit/qiskit-aqua/blob/main/README.md#migration-guide>
  warn_package('chemistry', 'qiskit_nature', 'qiskit-nature')
/home/studenti/alessandro.tammaro/.local/lib/python3.9/site-packages/pyscf/fci/direct_nosym.py:179: UserWarning: direct_nosym.kernel is not able to diagonalize non-Hermitian Hamiltonian. If h1e and h2e is not hermtian, calling symmetric diagonlization in eig can lead to wrong results.
  warnings.warn('direct_nosym.kernel is not able to diagonalize '
Overwritten attributes  get_ovlp get_hcore  of <class 'pyscf.soscf.newton_ah.newton.<locals>.SecondOrderROHF'>
Overwritten attributes  get_ovlp get_hcore  of <class 'pyscf.scf.rohf.ROHF'>
/home/studenti/alessandro.tammaro/.local/lib/python3.9/site-packages/pyscf/gto/mole.py:1105: UserWarning: Function mol.dumps drops attribute nao_nr because it is not JSON-serializable
  warnings.warn(msg)
/home/studenti/alessandro.tammaro/.local/lib/python3.9/site-packages/pyscf/gto/mole.py:1105: UserWarning: Function mol.dumps drops attribute energy_nuc because it is not JSON-serializable
  warnings.warn(msg)
EM+RE Job started on lab15 for belem
/etc/bashrc:55: command not found: shopt
Agent pid 468333
Identity added: /home/studenti/alessandro.tammaro/.ssh/id_ed25519 (alessandro.tammaro@lab16.labcalcolo.lab)
/home/studenti/alessandro.tammaro/.local/lib/python3.9/site-packages/qiskit/aqua/__init__.py:86: DeprecationWarning: The package qiskit.aqua is deprecated. It was moved/refactored to qiskit-terra For more information see <https://github.com/Qiskit/qiskit-aqua/blob/main/README.md#migration-guide>
  warn_package('aqua', 'qiskit-terra')
/home/studenti/alessandro.tammaro/.local/lib/python3.9/site-packages/qiskit/chemistry/__init__.py:170: DeprecationWarning: The package qiskit.chemistry is deprecated. It was moved/refactored to qiskit_nature (pip install qiskit-nature). For more information see <https://github.com/Qiskit/qiskit-aqua/blob/main/README.md#migration-guide>
  warn_package('chemistry', 'qiskit_nature', 'qiskit-nature')
/home/studenti/alessandro.tammaro/.local/lib/python3.9/site-packages/pyscf/fci/direct_nosym.py:179: UserWarning: direct_nosym.kernel is not able to diagonalize non-Hermitian Hamiltonian. If h1e and h2e is not hermtian, calling symmetric diagonlization in eig can lead to wrong results.
  warnings.warn('direct_nosym.kernel is not able to diagonalize '
Overwritten attributes  get_ovlp get_hcore  of <class 'pyscf.soscf.newton_ah.newton.<locals>.SecondOrderROHF'>
Overwritten attributes  get_ovlp get_hcore  of <class 'pyscf.scf.rohf.ROHF'>
/home/studenti/alessandro.tammaro/.local/lib/python3.9/site-packages/pyscf/gto/mole.py:1105: UserWarning: Function mol.dumps drops attribute nao_nr because it is not JSON-serializable
  warnings.warn(msg)
/home/studenti/alessandro.tammaro/.local/lib/python3.9/site-packages/pyscf/gto/mole.py:1105: UserWarning: Function mol.dumps drops attribute energy_nuc because it is not JSON-serializable
  warnings.warn(msg)
/home/studenti/alessandro.tammaro/Desktop/bloch/aug-cc-pvqz/radical/R_1.00_manila_em_re/../../../src/qiskit_subroutines.py:25: DeprecationWarning: The package qiskit.aqua.operators is deprecated. It was moved/refactored to qiskit.opflow (pip install qiskit-terra). For more information see <https://github.com/Qiskit/qiskit-aqua/blob/main/README.md#migration-guide>
  c_list = [WeightedPauliOperator([(0.5,a1),(-0.5j,a2)]) for a1,a2 in a_list]
/home/studenti/alessandro.tammaro/.local/lib/python3.9/site-packages/qiskit/chemistry/fermionic_operator.py:394: DeprecationWarning: The variable qiskit.aqua.aqua_globals is deprecated. It was moved/refactored to qiskit.utils.algorithm_globals (pip install qiskit-terra). For more information see <https://github.com/Qiskit/qiskit-aqua/blob/main/README.md#migration-guide>
  task_args=(threshold,), num_processes=aqua_globals.num_processes)
/home/studenti/alessandro.tammaro/Desktop/bloch/aug-cc-pvqz/radical/R_1.00_manila_em_re/../../../src/qiskit_subroutines.py:19: DeprecationWarning: `np.bool` is a deprecated alias for the builtin `bool`. To silence this warning, use `bool` by itself. Doing this will not modify any behavior and is safe. If you specifically wanted the numpy scalar type, use `np.bool_` here.
Deprecated in NumPy 1.20; for more details and guidance: https://numpy.org/devdocs/release/1.20.0-notes.html#deprecations
  a_x = np.asarray(zmask,dtype=np.bool)
/home/studenti/alessandro.tammaro/Desktop/bloch/aug-cc-pvqz/radical/R_1.00_manila_em_re/../../../src/qiskit_subroutines.py:20: DeprecationWarning: `np.bool` is a deprecated alias for the builtin `bool`. To silence this warning, use `bool` by itself. Doing this will not modify any behavior and is safe. If you specifically wanted the numpy scalar type, use `np.bool_` here.
Deprecated in NumPy 1.20; for more details and guidance: https://numpy.org/devdocs/release/1.20.0-notes.html#deprecations
  a_z = np.asarray(zeros,dtype=np.bool)
/home/studenti/alessandro.tammaro/.local/lib/python3.9/site-packages/qiskit/quantum_info/operators/symplectic/pauli.py:195: DeprecationWarning: Initializing Pauli from `Pauli(z=z, x=x)` kwargs is deprecated as of version 0.17.0 and will be removed no earlier than 3 months after the release date. Use tuple initialization `Pauli((z, x))` instead.
  base_z, base_x, base_phase = self._from_array_deprecated(z, x)
/home/studenti/alessandro.tammaro/.local/lib/python3.9/site-packages/pyscf/fci/direct_nosym.py:179: UserWarning: direct_nosym.kernel is not able to diagonalize non-Hermitian Hamiltonian. If h1e and h2e is not hermtian, calling symmetric diagonlization in eig can lead to wrong results.
  warnings.warn('direct_nosym.kernel is not able to diagonalize '
Overwritten attributes  get_hcore get_ovlp  of <class 'pyscf.soscf.newton_ah.newton.<locals>.SecondOrderROHF'>
Overwritten attributes  get_hcore get_ovlp  of <class 'pyscf.scf.rohf.ROHF'>
/home/studenti/alessandro.tammaro/.local/lib/python3.9/site-packages/pyscf/gto/mole.py:1105: UserWarning: Function mol.dumps drops attribute nao_nr because it is not JSON-serializable
  warnings.warn(msg)
/home/studenti/alessandro.tammaro/.local/lib/python3.9/site-packages/pyscf/gto/mole.py:1105: UserWarning: Function mol.dumps drops attribute energy_nuc because it is not JSON-serializable
  warnings.warn(msg)
/home/studenti/alessandro.tammaro/Desktop/bloch/aug-cc-pvqz/radical/R_1.00_lima_em_re/../../../src/qiskit_subroutines.py:25: DeprecationWarning: The package qiskit.aqua.operators is deprecated. It was moved/refactored to qiskit.opflow (pip install qiskit-terra). For more information see <https://github.com/Qiskit/qiskit-aqua/blob/main/README.md#migration-guide>
  c_list = [WeightedPauliOperator([(0.5,a1),(-0.5j,a2)]) for a1,a2 in a_list]
/home/studenti/alessandro.tammaro/.local/lib/python3.9/site-packages/qiskit/chemistry/fermionic_operator.py:394: DeprecationWarning: The variable qiskit.aqua.aqua_globals is deprecated. It was moved/refactored to qiskit.utils.algorithm_globals (pip install qiskit-terra). For more information see <https://github.com/Qiskit/qiskit-aqua/blob/main/README.md#migration-guide>
  task_args=(threshold,), num_processes=aqua_globals.num_processes)
/home/studenti/alessandro.tammaro/Desktop/bloch/aug-cc-pvqz/radical/R_1.00_lima_em_re/../../../src/qiskit_subroutines.py:19: DeprecationWarning: `np.bool` is a deprecated alias for the builtin `bool`. To silence this warning, use `bool` by itself. Doing this will not modify any behavior and is safe. If you specifically wanted the numpy scalar type, use `np.bool_` here.
Deprecated in NumPy 1.20; for more details and guidance: https://numpy.org/devdocs/release/1.20.0-notes.html#deprecations
  a_x = np.asarray(zmask,dtype=np.bool)
/home/studenti/alessandro.tammaro/Desktop/bloch/aug-cc-pvqz/radical/R_1.00_lima_em_re/../../../src/qiskit_subroutines.py:20: DeprecationWarning: `np.bool` is a deprecated alias for the builtin `bool`. To silence this warning, use `bool` by itself. Doing this will not modify any behavior and is safe. If you specifically wanted the numpy scalar type, use `np.bool_` here.
Deprecated in NumPy 1.20; for more details and guidance: https://numpy.org/devdocs/release/1.20.0-notes.html#deprecations
  a_z = np.asarray(zeros,dtype=np.bool)
/home/studenti/alessandro.tammaro/.local/lib/python3.9/site-packages/qiskit/quantum_info/operators/symplectic/pauli.py:195: DeprecationWarning: Initializing Pauli from `Pauli(z=z, x=x)` kwargs is deprecated as of version 0.17.0 and will be removed no earlier than 3 months after the release date. Use tuple initialization `Pauli((z, x))` instead.
  base_z, base_x, base_phase = self._from_array_deprecated(z, x)
/home/studenti/alessandro.tammaro/.local/lib/python3.9/site-packages/pyscf/fci/direct_nosym.py:179: UserWarning: direct_nosym.kernel is not able to diagonalize non-Hermitian Hamiltonian. If h1e and h2e is not hermtian, calling symmetric diagonlization in eig can lead to wrong results.
  warnings.warn('direct_nosym.kernel is not able to diagonalize '
Overwritten attributes  get_ovlp get_hcore  of <class 'pyscf.soscf.newton_ah.newton.<locals>.SecondOrderROHF'>
Overwritten attributes  get_ovlp get_hcore  of <class 'pyscf.scf.rohf.ROHF'>
/home/studenti/alessandro.tammaro/.local/lib/python3.9/site-packages/pyscf/gto/mole.py:1105: UserWarning: Function mol.dumps drops attribute nao_nr because it is not JSON-serializable
  warnings.warn(msg)
/home/studenti/alessandro.tammaro/.local/lib/python3.9/site-packages/pyscf/gto/mole.py:1105: UserWarning: Function mol.dumps drops attribute energy_nuc because it is not JSON-serializable
  warnings.warn(msg)
/home/studenti/alessandro.tammaro/Desktop/bloch/aug-cc-pvqz/radical/R_1.00_quito_em_re/../../../src/qiskit_subroutines.py:25: DeprecationWarning: The package qiskit.aqua.operators is deprecated. It was moved/refactored to qiskit.opflow (pip install qiskit-terra). For more information see <https://github.com/Qiskit/qiskit-aqua/blob/main/README.md#migration-guide>
  c_list = [WeightedPauliOperator([(0.5,a1),(-0.5j,a2)]) for a1,a2 in a_list]
/home/studenti/alessandro.tammaro/.local/lib/python3.9/site-packages/qiskit/chemistry/fermionic_operator.py:394: DeprecationWarning: The variable qiskit.aqua.aqua_globals is deprecated. It was moved/refactored to qiskit.utils.algorithm_globals (pip install qiskit-terra). For more information see <https://github.com/Qiskit/qiskit-aqua/blob/main/README.md#migration-guide>
  task_args=(threshold,), num_processes=aqua_globals.num_processes)
/home/studenti/alessandro.tammaro/Desktop/bloch/aug-cc-pvqz/radical/R_1.00_quito_em_re/../../../src/qiskit_subroutines.py:19: DeprecationWarning: `np.bool` is a deprecated alias for the builtin `bool`. To silence this warning, use `bool` by itself. Doing this will not modify any behavior and is safe. If you specifically wanted the numpy scalar type, use `np.bool_` here.
Deprecated in NumPy 1.20; for more details and guidance: https://numpy.org/devdocs/release/1.20.0-notes.html#deprecations
  a_x = np.asarray(zmask,dtype=np.bool)
/home/studenti/alessandro.tammaro/Desktop/bloch/aug-cc-pvqz/radical/R_1.00_quito_em_re/../../../src/qiskit_subroutines.py:20: DeprecationWarning: `np.bool` is a deprecated alias for the builtin `bool`. To silence this warning, use `bool` by itself. Doing this will not modify any behavior and is safe. If you specifically wanted the numpy scalar type, use `np.bool_` here.
Deprecated in NumPy 1.20; for more details and guidance: https://numpy.org/devdocs/release/1.20.0-notes.html#deprecations
  a_z = np.asarray(zeros,dtype=np.bool)
/home/studenti/alessandro.tammaro/.local/lib/python3.9/site-packages/qiskit/quantum_info/operators/symplectic/pauli.py:195: DeprecationWarning: Initializing Pauli from `Pauli(z=z, x=x)` kwargs is deprecated as of version 0.17.0 and will be removed no earlier than 3 months after the release date. Use tuple initialization `Pauli((z, x))` instead.
  base_z, base_x, base_phase = self._from_array_deprecated(z, x)
/home/studenti/alessandro.tammaro/.local/lib/python3.9/site-packages/pyscf/fci/direct_nosym.py:179: UserWarning: direct_nosym.kernel is not able to diagonalize non-Hermitian Hamiltonian. If h1e and h2e is not hermtian, calling symmetric diagonlization in eig can lead to wrong results.
  warnings.warn('direct_nosym.kernel is not able to diagonalize '
/home/studenti/alessandro.tammaro/Desktop/bloch/aug-cc-pvqz/radical/R_1.00_santiago_em_re/../../../src/qiskit_subroutines.py:25: DeprecationWarning: The package qiskit.aqua.operators is deprecated. It was moved/refactored to qiskit.opflow (pip install qiskit-terra). For more information see <https://github.com/Qiskit/qiskit-aqua/blob/main/README.md#migration-guide>
  c_list = [WeightedPauliOperator([(0.5,a1),(-0.5j,a2)]) for a1,a2 in a_list]
/home/studenti/alessandro.tammaro/.local/lib/python3.9/site-packages/qiskit/chemistry/fermionic_operator.py:394: DeprecationWarning: The variable qiskit.aqua.aqua_globals is deprecated. It was moved/refactored to qiskit.utils.algorithm_globals (pip install qiskit-terra). For more information see <https://github.com/Qiskit/qiskit-aqua/blob/main/README.md#migration-guide>
  task_args=(threshold,), num_processes=aqua_globals.num_processes)
/home/studenti/alessandro.tammaro/Desktop/bloch/aug-cc-pvqz/radical/R_1.00_santiago_em_re/../../../src/qiskit_subroutines.py:19: DeprecationWarning: `np.bool` is a deprecated alias for the builtin `bool`. To silence this warning, use `bool` by itself. Doing this will not modify any behavior and is safe. If you specifically wanted the numpy scalar type, use `np.bool_` here.
Deprecated in NumPy 1.20; for more details and guidance: https://numpy.org/devdocs/release/1.20.0-notes.html#deprecations
  a_x = np.asarray(zmask,dtype=np.bool)
/home/studenti/alessandro.tammaro/Desktop/bloch/aug-cc-pvqz/radical/R_1.00_santiago_em_re/../../../src/qiskit_subroutines.py:20: DeprecationWarning: `np.bool` is a deprecated alias for the builtin `bool`. To silence this warning, use `bool` by itself. Doing this will not modify any behavior and is safe. If you specifically wanted the numpy scalar type, use `np.bool_` here.
Deprecated in NumPy 1.20; for more details and guidance: https://numpy.org/devdocs/release/1.20.0-notes.html#deprecations
  a_z = np.asarray(zeros,dtype=np.bool)
/home/studenti/alessandro.tammaro/.local/lib/python3.9/site-packages/qiskit/quantum_info/operators/symplectic/pauli.py:195: DeprecationWarning: Initializing Pauli from `Pauli(z=z, x=x)` kwargs is deprecated as of version 0.17.0 and will be removed no earlier than 3 months after the release date. Use tuple initialization `Pauli((z, x))` instead.
  base_z, base_x, base_phase = self._from_array_deprecated(z, x)
/home/studenti/alessandro.tammaro/Desktop/bloch/aug-cc-pvqz/radical/R_1.00_bogota_em_re/../../../src/qiskit_subroutines.py:25: DeprecationWarning: The package qiskit.aqua.operators is deprecated. It was moved/refactored to qiskit.opflow (pip install qiskit-terra). For more information see <https://github.com/Qiskit/qiskit-aqua/blob/main/README.md#migration-guide>
  c_list = [WeightedPauliOperator([(0.5,a1),(-0.5j,a2)]) for a1,a2 in a_list]
/home/studenti/alessandro.tammaro/.local/lib/python3.9/site-packages/qiskit/chemistry/fermionic_operator.py:394: DeprecationWarning: The variable qiskit.aqua.aqua_globals is deprecated. It was moved/refactored to qiskit.utils.algorithm_globals (pip install qiskit-terra). For more information see <https://github.com/Qiskit/qiskit-aqua/blob/main/README.md#migration-guide>
  task_args=(threshold,), num_processes=aqua_globals.num_processes)
/home/studenti/alessandro.tammaro/Desktop/bloch/aug-cc-pvqz/radical/R_1.00_bogota_em_re/../../../src/qiskit_subroutines.py:19: DeprecationWarning: `np.bool` is a deprecated alias for the builtin `bool`. To silence this warning, use `bool` by itself. Doing this will not modify any behavior and is safe. If you specifically wanted the numpy scalar type, use `np.bool_` here.
Deprecated in NumPy 1.20; for more details and guidance: https://numpy.org/devdocs/release/1.20.0-notes.html#deprecations
  a_x = np.asarray(zmask,dtype=np.bool)
/home/studenti/alessandro.tammaro/Desktop/bloch/aug-cc-pvqz/radical/R_1.00_bogota_em_re/../../../src/qiskit_subroutines.py:20: DeprecationWarning: `np.bool` is a deprecated alias for the builtin `bool`. To silence this warning, use `bool` by itself. Doing this will not modify any behavior and is safe. If you specifically wanted the numpy scalar type, use `np.bool_` here.
Deprecated in NumPy 1.20; for more details and guidance: https://numpy.org/devdocs/release/1.20.0-notes.html#deprecations
  a_z = np.asarray(zeros,dtype=np.bool)
/home/studenti/alessandro.tammaro/.local/lib/python3.9/site-packages/qiskit/quantum_info/operators/symplectic/pauli.py:195: DeprecationWarning: Initializing Pauli from `Pauli(z=z, x=x)` kwargs is deprecated as of version 0.17.0 and will be removed no earlier than 3 months after the release date. Use tuple initialization `Pauli((z, x))` instead.
  base_z, base_x, base_phase = self._from_array_deprecated(z, x)
/home/studenti/alessandro.tammaro/Desktop/bloch/aug-cc-pvqz/radical/R_1.00_belem_em_re/../../../src/qiskit_subroutines.py:25: DeprecationWarning: The package qiskit.aqua.operators is deprecated. It was moved/refactored to qiskit.opflow (pip install qiskit-terra). For more information see <https://github.com/Qiskit/qiskit-aqua/blob/main/README.md#migration-guide>
  c_list = [WeightedPauliOperator([(0.5,a1),(-0.5j,a2)]) for a1,a2 in a_list]
/home/studenti/alessandro.tammaro/.local/lib/python3.9/site-packages/qiskit/chemistry/fermionic_operator.py:394: DeprecationWarning: The variable qiskit.aqua.aqua_globals is deprecated. It was moved/refactored to qiskit.utils.algorithm_globals (pip install qiskit-terra). For more information see <https://github.com/Qiskit/qiskit-aqua/blob/main/README.md#migration-guide>
  task_args=(threshold,), num_processes=aqua_globals.num_processes)
/home/studenti/alessandro.tammaro/Desktop/bloch/aug-cc-pvqz/radical/R_1.00_belem_em_re/../../../src/qiskit_subroutines.py:19: DeprecationWarning: `np.bool` is a deprecated alias for the builtin `bool`. To silence this warning, use `bool` by itself. Doing this will not modify any behavior and is safe. If you specifically wanted the numpy scalar type, use `np.bool_` here.
Deprecated in NumPy 1.20; for more details and guidance: https://numpy.org/devdocs/release/1.20.0-notes.html#deprecations
  a_x = np.asarray(zmask,dtype=np.bool)
/home/studenti/alessandro.tammaro/Desktop/bloch/aug-cc-pvqz/radical/R_1.00_belem_em_re/../../../src/qiskit_subroutines.py:20: DeprecationWarning: `np.bool` is a deprecated alias for the builtin `bool`. To silence this warning, use `bool` by itself. Doing this will not modify any behavior and is safe. If you specifically wanted the numpy scalar type, use `np.bool_` here.
Deprecated in NumPy 1.20; for more details and guidance: https://numpy.org/devdocs/release/1.20.0-notes.html#deprecations
  a_z = np.asarray(zeros,dtype=np.bool)
/home/studenti/alessandro.tammaro/.local/lib/python3.9/site-packages/qiskit/quantum_info/operators/symplectic/pauli.py:195: DeprecationWarning: Initializing Pauli from `Pauli(z=z, x=x)` kwargs is deprecated as of version 0.17.0 and will be removed no earlier than 3 months after the release date. Use tuple initialization `Pauli((z, x))` instead.
  base_z, base_x, base_phase = self._from_array_deprecated(z, x)
/home/studenti/alessandro.tammaro/.local/lib/python3.9/site-packages/qiskit/aqua/components/optimizers/optimizer.py:49: DeprecationWarning: The package qiskit.aqua.components.optimizers is deprecated. It was moved/refactored to qiskit.algorithms.optimizers (pip install qiskit-terra). For more information see <https://github.com/Qiskit/qiskit-aqua/blob/main/README.md#migration-guide>
  warn_package('aqua.components.optimizers',
/home/studenti/alessandro.tammaro/.local/lib/python3.9/site-packages/qiskit/aqua/quantum_instance.py:135: DeprecationWarning: The class qiskit.aqua.QuantumInstance is deprecated. It was moved/refactored to qiskit.utils.QuantumInstance (pip install qiskit-terra). For more information see <https://github.com/Qiskit/qiskit-aqua/blob/main/README.md#migration-guide>
  warn_class('aqua.QuantumInstance',
/home/studenti/alessandro.tammaro/.local/lib/python3.9/site-packages/qiskit/chemistry/components/initial_states/hartree_fock.py:56: UserWarning: two_qubit_reduction only works with parity qubit mapping but you have jordan_wigner. We switch two_qubit_reduction to False.
  warnings.warn('two_qubit_reduction only works with parity qubit mapping '
/home/studenti/alessandro.tammaro/.local/lib/python3.9/site-packages/qiskit/chemistry/components/initial_states/hartree_fock.py:61: DeprecationWarning: The HartreeFock class is deprecated as of Aqua 0.9 and will be removed no earlier than 3 months after the release date. Instead, all algorithms and circuits accept a plain QuantumCircuit. 
  super().__init__()
/home/studenti/alessandro.tammaro/.local/lib/python3.9/site-packages/qiskit/aqua/components/variational_forms/variational_form.py:48: DeprecationWarning: The package qiskit.aqua.components.variational_forms is deprecated. For more information see <https://github.com/Qiskit/qiskit-aqua/blob/main/README.md#migration-guide>
  warn_package('aqua.components.variational_forms')
/home/studenti/alessandro.tammaro/.local/lib/python3.9/site-packages/qiskit/aqua/algorithms/vq_algorithm.py:70: DeprecationWarning: The class qiskit.aqua.algorithms.VQAlgorithm is deprecated. It was moved/refactored to qiskit.algorithms.VariationalAlgorithm (pip install qiskit-terra). For more information see <https://github.com/Qiskit/qiskit-aqua/blob/main/README.md#migration-guide>
  warn_class('aqua.algorithms.VQAlgorithm',
/home/studenti/alessandro.tammaro/.local/lib/python3.9/site-packages/qiskit/chemistry/components/initial_states/hartree_fock.py:56: UserWarning: two_qubit_reduction only works with parity qubit mapping but you have jordan_wigner. We switch two_qubit_reduction to False.
  warnings.warn('two_qubit_reduction only works with parity qubit mapping '
/home/studenti/alessandro.tammaro/.local/lib/python3.9/site-packages/qiskit/chemistry/components/initial_states/hartree_fock.py:61: DeprecationWarning: The HartreeFock class is deprecated as of Aqua 0.9 and will be removed no earlier than 3 months after the release date. Instead, all algorithms and circuits accept a plain QuantumCircuit. 
  super().__init__()
/home/studenti/alessandro.tammaro/.local/lib/python3.9/site-packages/qiskit/aqua/components/optimizers/optimizer.py:49: DeprecationWarning: The package qiskit.aqua.components.optimizers is deprecated. It was moved/refactored to qiskit.algorithms.optimizers (pip install qiskit-terra). For more information see <https://github.com/Qiskit/qiskit-aqua/blob/main/README.md#migration-guide>
  warn_package('aqua.components.optimizers',
/home/studenti/alessandro.tammaro/.local/lib/python3.9/site-packages/qiskit/aqua/quantum_instance.py:135: DeprecationWarning: The class qiskit.aqua.QuantumInstance is deprecated. It was moved/refactored to qiskit.utils.QuantumInstance (pip install qiskit-terra). For more information see <https://github.com/Qiskit/qiskit-aqua/blob/main/README.md#migration-guide>
  warn_class('aqua.QuantumInstance',
/home/studenti/alessandro.tammaro/.local/lib/python3.9/site-packages/qiskit/chemistry/components/initial_states/hartree_fock.py:56: UserWarning: two_qubit_reduction only works with parity qubit mapping but you have jordan_wigner. We switch two_qubit_reduction to False.
  warnings.warn('two_qubit_reduction only works with parity qubit mapping '
/home/studenti/alessandro.tammaro/.local/lib/python3.9/site-packages/qiskit/chemistry/components/initial_states/hartree_fock.py:61: DeprecationWarning: The HartreeFock class is deprecated as of Aqua 0.9 and will be removed no earlier than 3 months after the release date. Instead, all algorithms and circuits accept a plain QuantumCircuit. 
  super().__init__()
/home/studenti/alessandro.tammaro/.local/lib/python3.9/site-packages/qiskit/aqua/components/variational_forms/variational_form.py:48: DeprecationWarning: The package qiskit.aqua.components.variational_forms is deprecated. For more information see <https://github.com/Qiskit/qiskit-aqua/blob/main/README.md#migration-guide>
  warn_package('aqua.components.variational_forms')
/home/studenti/alessandro.tammaro/.local/lib/python3.9/site-packages/qiskit/aqua/algorithms/vq_algorithm.py:70: DeprecationWarning: The class qiskit.aqua.algorithms.VQAlgorithm is deprecated. It was moved/refactored to qiskit.algorithms.VariationalAlgorithm (pip install qiskit-terra). For more information see <https://github.com/Qiskit/qiskit-aqua/blob/main/README.md#migration-guide>
  warn_class('aqua.algorithms.VQAlgorithm',
/home/studenti/alessandro.tammaro/.local/lib/python3.9/site-packages/qiskit/chemistry/components/initial_states/hartree_fock.py:56: UserWarning: two_qubit_reduction only works with parity qubit mapping but you have jordan_wigner. We switch two_qubit_reduction to False.
  warnings.warn('two_qubit_reduction only works with parity qubit mapping '
/home/studenti/alessandro.tammaro/.local/lib/python3.9/site-packages/qiskit/chemistry/components/initial_states/hartree_fock.py:61: DeprecationWarning: The HartreeFock class is deprecated as of Aqua 0.9 and will be removed no earlier than 3 months after the release date. Instead, all algorithms and circuits accept a plain QuantumCircuit. 
  super().__init__()
/home/studenti/alessandro.tammaro/.local/lib/python3.9/site-packages/qiskit/aqua/components/optimizers/optimizer.py:49: DeprecationWarning: The package qiskit.aqua.components.optimizers is deprecated. It was moved/refactored to qiskit.algorithms.optimizers (pip install qiskit-terra). For more information see <https://github.com/Qiskit/qiskit-aqua/blob/main/README.md#migration-guide>
  warn_package('aqua.components.optimizers',
/home/studenti/alessandro.tammaro/.local/lib/python3.9/site-packages/qiskit/aqua/quantum_instance.py:135: DeprecationWarning: The class qiskit.aqua.QuantumInstance is deprecated. It was moved/refactored to qiskit.utils.QuantumInstance (pip install qiskit-terra). For more information see <https://github.com/Qiskit/qiskit-aqua/blob/main/README.md#migration-guide>
  warn_class('aqua.QuantumInstance',
/home/studenti/alessandro.tammaro/.local/lib/python3.9/site-packages/qiskit/chemistry/components/initial_states/hartree_fock.py:56: UserWarning: two_qubit_reduction only works with parity qubit mapping but you have jordan_wigner. We switch two_qubit_reduction to False.
  warnings.warn('two_qubit_reduction only works with parity qubit mapping '
/home/studenti/alessandro.tammaro/.local/lib/python3.9/site-packages/qiskit/chemistry/components/initial_states/hartree_fock.py:61: DeprecationWarning: The HartreeFock class is deprecated as of Aqua 0.9 and will be removed no earlier than 3 months after the release date. Instead, all algorithms and circuits accept a plain QuantumCircuit. 
  super().__init__()
/home/studenti/alessandro.tammaro/.local/lib/python3.9/site-packages/qiskit/aqua/components/variational_forms/variational_form.py:48: DeprecationWarning: The package qiskit.aqua.components.variational_forms is deprecated. For more information see <https://github.com/Qiskit/qiskit-aqua/blob/main/README.md#migration-guide>
  warn_package('aqua.components.variational_forms')
/home/studenti/alessandro.tammaro/.local/lib/python3.9/site-packages/qiskit/aqua/algorithms/vq_algorithm.py:70: DeprecationWarning: The class qiskit.aqua.algorithms.VQAlgorithm is deprecated. It was moved/refactored to qiskit.algorithms.VariationalAlgorithm (pip install qiskit-terra). For more information see <https://github.com/Qiskit/qiskit-aqua/blob/main/README.md#migration-guide>
  warn_class('aqua.algorithms.VQAlgorithm',
/home/studenti/alessandro.tammaro/.local/lib/python3.9/site-packages/qiskit/chemistry/components/initial_states/hartree_fock.py:56: UserWarning: two_qubit_reduction only works with parity qubit mapping but you have jordan_wigner. We switch two_qubit_reduction to False.
  warnings.warn('two_qubit_reduction only works with parity qubit mapping '
/home/studenti/alessandro.tammaro/.local/lib/python3.9/site-packages/qiskit/chemistry/components/initial_states/hartree_fock.py:61: DeprecationWarning: The HartreeFock class is deprecated as of Aqua 0.9 and will be removed no earlier than 3 months after the release date. Instead, all algorithms and circuits accept a plain QuantumCircuit. 
  super().__init__()
/home/studenti/alessandro.tammaro/.local/lib/python3.9/site-packages/qiskit/aqua/components/optimizers/optimizer.py:49: DeprecationWarning: The package qiskit.aqua.components.optimizers is deprecated. It was moved/refactored to qiskit.algorithms.optimizers (pip install qiskit-terra). For more information see <https://github.com/Qiskit/qiskit-aqua/blob/main/README.md#migration-guide>
  warn_package('aqua.components.optimizers',
/home/studenti/alessandro.tammaro/.local/lib/python3.9/site-packages/qiskit/aqua/quantum_instance.py:135: DeprecationWarning: The class qiskit.aqua.QuantumInstance is deprecated. It was moved/refactored to qiskit.utils.QuantumInstance (pip install qiskit-terra). For more information see <https://github.com/Qiskit/qiskit-aqua/blob/main/README.md#migration-guide>
  warn_class('aqua.QuantumInstance',
/home/studenti/alessandro.tammaro/.local/lib/python3.9/site-packages/qiskit/chemistry/components/initial_states/hartree_fock.py:56: UserWarning: two_qubit_reduction only works with parity qubit mapping but you have jordan_wigner. We switch two_qubit_reduction to False.
  warnings.warn('two_qubit_reduction only works with parity qubit mapping '
/home/studenti/alessandro.tammaro/.local/lib/python3.9/site-packages/qiskit/chemistry/components/initial_states/hartree_fock.py:61: DeprecationWarning: The HartreeFock class is deprecated as of Aqua 0.9 and will be removed no earlier than 3 months after the release date. Instead, all algorithms and circuits accept a plain QuantumCircuit. 
  super().__init__()
/home/studenti/alessandro.tammaro/.local/lib/python3.9/site-packages/qiskit/aqua/components/variational_forms/variational_form.py:48: DeprecationWarning: The package qiskit.aqua.components.variational_forms is deprecated. For more information see <https://github.com/Qiskit/qiskit-aqua/blob/main/README.md#migration-guide>
  warn_package('aqua.components.variational_forms')
/home/studenti/alessandro.tammaro/.local/lib/python3.9/site-packages/qiskit/aqua/algorithms/vq_algorithm.py:70: DeprecationWarning: The class qiskit.aqua.algorithms.VQAlgorithm is deprecated. It was moved/refactored to qiskit.algorithms.VariationalAlgorithm (pip install qiskit-terra). For more information see <https://github.com/Qiskit/qiskit-aqua/blob/main/README.md#migration-guide>
  warn_class('aqua.algorithms.VQAlgorithm',
/home/studenti/alessandro.tammaro/.local/lib/python3.9/site-packages/qiskit/chemistry/components/initial_states/hartree_fock.py:56: UserWarning: two_qubit_reduction only works with parity qubit mapping but you have jordan_wigner. We switch two_qubit_reduction to False.
  warnings.warn('two_qubit_reduction only works with parity qubit mapping '
/home/studenti/alessandro.tammaro/.local/lib/python3.9/site-packages/qiskit/chemistry/components/initial_states/hartree_fock.py:61: DeprecationWarning: The HartreeFock class is deprecated as of Aqua 0.9 and will be removed no earlier than 3 months after the release date. Instead, all algorithms and circuits accept a plain QuantumCircuit. 
  super().__init__()
/home/studenti/alessandro.tammaro/.local/lib/python3.9/site-packages/qiskit/aqua/components/optimizers/optimizer.py:49: DeprecationWarning: The package qiskit.aqua.components.optimizers is deprecated. It was moved/refactored to qiskit.algorithms.optimizers (pip install qiskit-terra). For more information see <https://github.com/Qiskit/qiskit-aqua/blob/main/README.md#migration-guide>
  warn_package('aqua.components.optimizers',
/home/studenti/alessandro.tammaro/.local/lib/python3.9/site-packages/qiskit/aqua/quantum_instance.py:135: DeprecationWarning: The class qiskit.aqua.QuantumInstance is deprecated. It was moved/refactored to qiskit.utils.QuantumInstance (pip install qiskit-terra). For more information see <https://github.com/Qiskit/qiskit-aqua/blob/main/README.md#migration-guide>
  warn_class('aqua.QuantumInstance',
/home/studenti/alessandro.tammaro/.local/lib/python3.9/site-packages/qiskit/chemistry/components/initial_states/hartree_fock.py:56: UserWarning: two_qubit_reduction only works with parity qubit mapping but you have jordan_wigner. We switch two_qubit_reduction to False.
  warnings.warn('two_qubit_reduction only works with parity qubit mapping '
/home/studenti/alessandro.tammaro/.local/lib/python3.9/site-packages/qiskit/chemistry/components/initial_states/hartree_fock.py:61: DeprecationWarning: The HartreeFock class is deprecated as of Aqua 0.9 and will be removed no earlier than 3 months after the release date. Instead, all algorithms and circuits accept a plain QuantumCircuit. 
  super().__init__()
/home/studenti/alessandro.tammaro/.local/lib/python3.9/site-packages/qiskit/aqua/components/variational_forms/variational_form.py:48: DeprecationWarning: The package qiskit.aqua.components.variational_forms is deprecated. For more information see <https://github.com/Qiskit/qiskit-aqua/blob/main/README.md#migration-guide>
  warn_package('aqua.components.variational_forms')
/home/studenti/alessandro.tammaro/.local/lib/python3.9/site-packages/qiskit/aqua/algorithms/vq_algorithm.py:70: DeprecationWarning: The class qiskit.aqua.algorithms.VQAlgorithm is deprecated. It was moved/refactored to qiskit.algorithms.VariationalAlgorithm (pip install qiskit-terra). For more information see <https://github.com/Qiskit/qiskit-aqua/blob/main/README.md#migration-guide>
  warn_class('aqua.algorithms.VQAlgorithm',
/home/studenti/alessandro.tammaro/.local/lib/python3.9/site-packages/qiskit/chemistry/components/initial_states/hartree_fock.py:56: UserWarning: two_qubit_reduction only works with parity qubit mapping but you have jordan_wigner. We switch two_qubit_reduction to False.
  warnings.warn('two_qubit_reduction only works with parity qubit mapping '
/home/studenti/alessandro.tammaro/.local/lib/python3.9/site-packages/qiskit/chemistry/components/initial_states/hartree_fock.py:61: DeprecationWarning: The HartreeFock class is deprecated as of Aqua 0.9 and will be removed no earlier than 3 months after the release date. Instead, all algorithms and circuits accept a plain QuantumCircuit. 
  super().__init__()
/home/studenti/alessandro.tammaro/.local/lib/python3.9/site-packages/qiskit/aqua/components/optimizers/optimizer.py:49: DeprecationWarning: The package qiskit.aqua.components.optimizers is deprecated. It was moved/refactored to qiskit.algorithms.optimizers (pip install qiskit-terra). For more information see <https://github.com/Qiskit/qiskit-aqua/blob/main/README.md#migration-guide>
  warn_package('aqua.components.optimizers',
/home/studenti/alessandro.tammaro/.local/lib/python3.9/site-packages/qiskit/aqua/quantum_instance.py:135: DeprecationWarning: The class qiskit.aqua.QuantumInstance is deprecated. It was moved/refactored to qiskit.utils.QuantumInstance (pip install qiskit-terra). For more information see <https://github.com/Qiskit/qiskit-aqua/blob/main/README.md#migration-guide>
  warn_class('aqua.QuantumInstance',
/home/studenti/alessandro.tammaro/.local/lib/python3.9/site-packages/qiskit/chemistry/components/initial_states/hartree_fock.py:56: UserWarning: two_qubit_reduction only works with parity qubit mapping but you have jordan_wigner. We switch two_qubit_reduction to False.
  warnings.warn('two_qubit_reduction only works with parity qubit mapping '
/home/studenti/alessandro.tammaro/.local/lib/python3.9/site-packages/qiskit/chemistry/components/initial_states/hartree_fock.py:61: DeprecationWarning: The HartreeFock class is deprecated as of Aqua 0.9 and will be removed no earlier than 3 months after the release date. Instead, all algorithms and circuits accept a plain QuantumCircuit. 
  super().__init__()
/home/studenti/alessandro.tammaro/.local/lib/python3.9/site-packages/qiskit/aqua/components/variational_forms/variational_form.py:48: DeprecationWarning: The package qiskit.aqua.components.variational_forms is deprecated. For more information see <https://github.com/Qiskit/qiskit-aqua/blob/main/README.md#migration-guide>
  warn_package('aqua.components.variational_forms')
/home/studenti/alessandro.tammaro/.local/lib/python3.9/site-packages/qiskit/aqua/algorithms/vq_algorithm.py:70: DeprecationWarning: The class qiskit.aqua.algorithms.VQAlgorithm is deprecated. It was moved/refactored to qiskit.algorithms.VariationalAlgorithm (pip install qiskit-terra). For more information see <https://github.com/Qiskit/qiskit-aqua/blob/main/README.md#migration-guide>
  warn_class('aqua.algorithms.VQAlgorithm',
/home/studenti/alessandro.tammaro/.local/lib/python3.9/site-packages/qiskit/chemistry/components/initial_states/hartree_fock.py:56: UserWarning: two_qubit_reduction only works with parity qubit mapping but you have jordan_wigner. We switch two_qubit_reduction to False.
  warnings.warn('two_qubit_reduction only works with parity qubit mapping '
/home/studenti/alessandro.tammaro/.local/lib/python3.9/site-packages/qiskit/chemistry/components/initial_states/hartree_fock.py:61: DeprecationWarning: The HartreeFock class is deprecated as of Aqua 0.9 and will be removed no earlier than 3 months after the release date. Instead, all algorithms and circuits accept a plain QuantumCircuit. 
  super().__init__()
